[18-Jan-2024 21:30:21 UTC] PHP Warning:  mysqli_real_connect(): (HY000/2002): No such file or directory in /Applications/MAMP/htdocs/planty/wp-includes/class-wpdb.php on line 1987
[19-Jan-2024 08:09:45 UTC] PHP Notice:  La fonction wp_enqueue_script() a été appelée de façon incorrecte. Le script « wp-editor » ne doit pas être mis en file d’attente avec le nouvel éditeur de widgets (wp-edit-widgets ou wp-customize-widgets). Veuillez lire <a>Débogage dans WordPress</a> (en) pour plus d’informations. (Ce message a été ajouté à la version 5.8.0.) in /Applications/MAMP/htdocs/planty/wp-includes/functions.php on line 6031
[19-Jan-2024 09:14:29 UTC] PHP Parse error:  syntax error, unexpected token "var" in /Applications/MAMP/htdocs/planty/wp-content/themes/planty/functions.php on line 52
[19-Jan-2024 09:14:29 UTC] PHP Warning:  Trying to access array offset on value of type bool in /Applications/MAMP/htdocs/planty/wp-includes/class-wp-recovery-mode-email-service.php on line 367
[19-Jan-2024 09:14:29 UTC] PHP Warning:  Trying to access array offset on value of type bool in /Applications/MAMP/htdocs/planty/wp-includes/class-wp-recovery-mode-email-service.php on line 368
[19-Jan-2024 09:14:36 UTC] PHP Parse error:  syntax error, unexpected token "var" in /Applications/MAMP/htdocs/planty/wp-content/themes/planty/functions.php on line 52
[19-Jan-2024 09:14:41 UTC] PHP Parse error:  syntax error, unexpected token "var" in /Applications/MAMP/htdocs/planty/wp-content/themes/planty/functions.php on line 52
[19-Jan-2024 09:17:03 UTC] PHP Warning:  Array to string conversion in /Applications/MAMP/htdocs/planty/wp-content/themes/planty/functions.php on line 61
[19-Jan-2024 09:17:03 UTC] PHP Warning:  Array to string conversion in /Applications/MAMP/htdocs/planty/wp-content/themes/planty/functions.php on line 61
[19-Jan-2024 09:17:03 UTC] PHP Warning:  Array to string conversion in /Applications/MAMP/htdocs/planty/wp-content/themes/planty/functions.php on line 61
[19-Jan-2024 09:50:54 UTC] PHP Warning:  Undefined variable $admin_menu_item in /Applications/MAMP/htdocs/planty/wp-content/themes/planty/functions.php on line 69
[19-Jan-2024 09:50:54 UTC] PHP Warning:  Undefined variable $admin_menu_item in /Applications/MAMP/htdocs/planty/wp-content/themes/planty/functions.php on line 69
[19-Jan-2024 09:50:54 UTC] PHP Warning:  Undefined variable $admin_menu_item in /Applications/MAMP/htdocs/planty/wp-content/themes/planty/functions.php on line 69
[19-Jan-2024 09:51:58 UTC] PHP Warning:  Undefined variable $liens_menu in /Applications/MAMP/htdocs/planty/wp-content/themes/planty/functions.php on line 44
[19-Jan-2024 09:52:19 UTC] PHP Warning:  Undefined variable $liens_menu in /Applications/MAMP/htdocs/planty/wp-content/themes/planty/functions.php on line 44
[19-Jan-2024 10:03:25 UTC] PHP Warning:  Undefined variable $menu_items in /Applications/MAMP/htdocs/planty/wp-content/themes/planty/functions.php on line 45
[19-Jan-2024 10:04:21 UTC] PHP Warning:  Undefined variable $items in /Applications/MAMP/htdocs/planty/wp-content/themes/planty/functions.php on line 43
[19-Jan-2024 10:07:07 UTC] PHP Warning:  Undefined variable $menu_item in /Applications/MAMP/htdocs/planty/wp-content/themes/planty/functions.php on line 43
[19-Jan-2024 10:07:28 UTC] PHP Warning:  Undefined variable $menu_items in /Applications/MAMP/htdocs/planty/wp-content/themes/planty/functions.php on line 43
[19-Jan-2024 10:08:18 UTC] PHP Warning:  Undefined variable $items in /Applications/MAMP/htdocs/planty/wp-content/themes/planty/functions.php on line 43
[19-Jan-2024 10:08:40 UTC] PHP Warning:  Undefined variable $menu_items in /Applications/MAMP/htdocs/planty/wp-content/themes/planty/functions.php on line 46
[19-Jan-2024 10:08:40 UTC] PHP Warning:  Undefined variable $menu_items in /Applications/MAMP/htdocs/planty/wp-content/themes/planty/functions.php on line 46
[19-Jan-2024 10:08:40 UTC] PHP Warning:  Undefined variable $menu_items in /Applications/MAMP/htdocs/planty/wp-content/themes/planty/functions.php on line 46
[19-Jan-2024 10:08:59 UTC] PHP Warning:  Undefined variable $items in /Applications/MAMP/htdocs/planty/wp-content/themes/planty/functions.php on line 44
[19-Jan-2024 10:10:23 UTC] PHP Warning:  Undefined variable $menu_items in /Applications/MAMP/htdocs/planty/wp-content/themes/planty/functions.php on line 43
[19-Jan-2024 10:10:58 UTC] PHP Warning:  Undefined variable $menu_items in /Applications/MAMP/htdocs/planty/wp-content/themes/planty/functions.php on line 43
[19-Jan-2024 10:35:14 UTC] PHP Warning:  Undefined variable $items in /Applications/MAMP/htdocs/planty/wp-content/themes/planty/functions.php on line 47
[19-Jan-2024 10:35:14 UTC] PHP Warning:  Undefined variable $items in /Applications/MAMP/htdocs/planty/wp-content/themes/planty/functions.php on line 57
[19-Jan-2024 10:35:14 UTC] PHP Deprecated:  preg_split(): Passing null to parameter #2 ($subject) of type string is deprecated in /Applications/MAMP/htdocs/planty/wp-content/themes/planty/functions.php on line 57
[19-Jan-2024 10:35:14 UTC] PHP Warning:  Undefined variable $items in /Applications/MAMP/htdocs/planty/wp-content/themes/planty/functions.php on line 47
[19-Jan-2024 10:35:14 UTC] PHP Warning:  Undefined variable $items in /Applications/MAMP/htdocs/planty/wp-content/themes/planty/functions.php on line 57
[19-Jan-2024 10:35:14 UTC] PHP Deprecated:  preg_split(): Passing null to parameter #2 ($subject) of type string is deprecated in /Applications/MAMP/htdocs/planty/wp-content/themes/planty/functions.php on line 57
[19-Jan-2024 10:35:14 UTC] PHP Warning:  Undefined variable $items in /Applications/MAMP/htdocs/planty/wp-content/themes/planty/functions.php on line 47
[19-Jan-2024 10:35:14 UTC] PHP Warning:  Undefined variable $items in /Applications/MAMP/htdocs/planty/wp-content/themes/planty/functions.php on line 57
[19-Jan-2024 10:35:14 UTC] PHP Deprecated:  preg_split(): Passing null to parameter #2 ($subject) of type string is deprecated in /Applications/MAMP/htdocs/planty/wp-content/themes/planty/functions.php on line 57
[19-Jan-2024 10:50:57 UTC] PHP Fatal error:  Uncaught Error: Call to undefined function apply_filter() in /Applications/MAMP/htdocs/planty/wp-content/themes/planty/functions.php:78
Stack trace:
#0 /Applications/MAMP/htdocs/planty/wp-settings.php(611): include()
#1 /Applications/MAMP/htdocs/planty/wp-config.php(98): require_once('/Applications/M...')
#2 /Applications/MAMP/htdocs/planty/wp-load.php(50): require_once('/Applications/M...')
#3 /Applications/MAMP/htdocs/planty/wp-blog-header.php(13): require_once('/Applications/M...')
#4 /Applications/MAMP/htdocs/planty/index.php(17): require('/Applications/M...')
#5 {main}
  thrown in /Applications/MAMP/htdocs/planty/wp-content/themes/planty/functions.php on line 78
